                  :-) GROMACS - gmx mdrun, 2020.6-MODIFIED (-:

                            GROMACS is written by:
     Emile Apol      Rossen Apostolov      Paul Bauer     Herman J.C. Berendsen
    Par Bjelkmar      Christian Blau   Viacheslav Bolnykh     Kevin Boyd    
 Aldert van Buuren   Rudi van Drunen     Anton Feenstra       Alan Gray     
  Gerrit Groenhof     Anca Hamuraru    Vincent Hindriksen  M. Eric Irrgang  
  Aleksei Iupinov   Christoph Junghans     Joe Jordan     Dimitrios Karkoulis
    Peter Kasson        Jiri Kraus      Carsten Kutzner      Per Larsson    
  Justin A. Lemkul    Viveca Lindahl    Magnus Lundborg     Erik Marklund   
    Pascal Merz     Pieter Meulenhoff    Teemu Murtola       Szilard Pall   
    Sander Pronk      Roland Schulz      Michael Shirts    Alexey Shvetsov  
   Alfons Sijbers     Peter Tieleman      Jon Vincent      Teemu Virolainen 
 Christian Wennberg    Maarten Wolf      Artem Zhmurov   
                           and the project leaders:
        Mark Abraham, Berk Hess, Erik Lindahl, and David van der Spoel

Copyright (c) 1991-2000, University of Groningen, The Netherlands.
Copyright (c) 2001-2019, The GROMACS development team at
Uppsala University, Stockholm University and
the Royal Institute of Technology, Sweden.
check out http://www.gromacs.org for more information.

GROMACS is free software; you can redistribute it and/or modify it
under the terms of the GNU Lesser General Public License
as published by the Free Software Foundation; either version 2.1
of the License, or (at your option) any later version.

GROMACS:      gmx mdrun, version 2020.6-MODIFIED
Executable:   D:\gromacs\gmx2020.6_GPU\bin\gmx.exe
Data prefix:  D:\gromacs\gmx2020.6_GPU
Working dir:  D:\Learn\Thesis\gromacsLearning\Phospholipids_Simulation\charmm-gui-5548695784\gromacs
Process ID:   147244
Command line:
  gmx mdrun -deffnm week8_ir_spec

GROMACS version:    2020.6-MODIFIED
This program has been built from source code that has been altered and does not match the code released as part of the official GROMACS version 2020.6-MODIFIED. If you did not intend to use an altered GROMACS version, make sure to download an intact source distribution and compile that before proceeding.
If you have modified the source code, you are strongly encouraged to set your custom version suffix (using -DGMX_VERSION_STRING_OF_FORK) which will can help later with scientific reproducibility but also when reporting bugs.
Release checksum: 2f568d8884e039acbc6b68722432516e0628be00c847969b7c905c8b53ef826f
Computed checksum: 8d63a67cf4b6b6870aa0765648066d1044255101ccc4e9bf59490d41bf23c877
Precision:          single
Memory model:       64 bit
MPI library:        thread_mpi
OpenMP support:     enabled (GMX_OPENMP_MAX_THREADS = 64)
GPU support:        CUDA
SIMD instructions:  AVX2_256
FFT library:        fftw3
RDTSCP usage:       enabled
TNG support:        enabled
Hwloc support:      disabled
Tracing support:    disabled
C compiler:         C:/Program Files (x86)/Microsoft Visual Studio/2019/Community/VC/Tools/MSVC/14.28.29910/bin/Hostx64/x64/cl.exe MSVC 19.28.29913.0
C compiler flags:   /arch:AVX2 /MD /O2 /Ob2 /DNDEBUG
C++ compiler:       C:/Program Files (x86)/Microsoft Visual Studio/2019/Community/VC/Tools/MSVC/14.28.29910/bin/Hostx64/x64/cl.exe MSVC 19.28.29913.0
C++ compiler flags: /arch:AVX2 /wd4800 /wd4355 /wd4996 /wd4305 /wd4244 /wd4101 /wd4267 /wd4090 /wd4068 /analyze /analyze:stacksize 70000 /wd6001 /wd6011 /wd6053 /wd6054 /wd6385 /wd6386 /wd6387 /wd28199 /wd6239 /wd6240 /wd6294 /wd6326 /wd28020 /wd6330 /wd6993 /wd6031 /wd6244 /wd6246 -openmp /MD /O2 /Ob2 /DNDEBUG
CUDA compiler:      D:/tools/CUDA_toolkit/bin/nvcc.exe nvcc: NVIDIA (R) Cuda compiler driver;Copyright (c) 2005-2021 NVIDIA Corporation;Built on Wed_Jun__2_19:25:35_Pacific_Daylight_Time_2021;Cuda compilation tools, release 11.4, V11.4.48;Build cuda_11.4.r11.4/compiler.30033411_0
CUDA compiler flags:-gencode;arch=compute_35,code=sm_35;-gencode;arch=compute_37,code=sm_37;-gencode;arch=compute_50,code=sm_50;-gencode;arch=compute_52,code=sm_52;-gencode;arch=compute_60,code=sm_60;-gencode;arch=compute_61,code=sm_61;-gencode;arch=compute_70,code=sm_70;-Wno-deprecated-gpu-targets;-gencode;arch=compute_35,code=compute_35;-gencode;arch=compute_50,code=compute_50;-gencode;arch=compute_52,code=compute_52;-gencode;arch=compute_60,code=compute_60;-gencode;arch=compute_61,code=compute_61;-gencode;arch=compute_70,code=compute_70;-gencode;arch=compute_75,code=compute_75;-gencode;arch=compute_80,code=compute_80;-use_fast_math;;/arch:AVX2 /wd4800 /wd4355 /wd4996 /wd4305 /wd4244 /wd4101 /wd4267 /wd4090 /wd4068 /analyze /analyze:stacksize 70000 /wd6001 /wd6011 /wd6053 /wd6054 /wd6385 /wd6386 /wd6387 /wd28199 /wd6239 /wd6240 /wd6294 /wd6326 /wd28020 /wd6330 /wd6993 /wd6031 /wd6244 /wd6246 -openmp /MD /O2 /Ob2 /DNDEBUG
CUDA driver:        12.70
CUDA runtime:       11.40


Running on 1 node with total 22 cores, 22 logical cores, 1 compatible GPU
Hardware detected:
  CPU info:
    Vendor: Intel
    Brand:  Intel(R) Core(TM) Ultra 7 155H
    Family: 6   Model: 170   Stepping: 4
    Features: aes apic avx avx2 clfsh cmov cx8 cx16 f16c fma htt intel lahf mmx msr nonstop_tsc pcid pclmuldq pdcm pdpe1gb popcnt pse rdrnd rdtscp sha sse2 sse3 sse4.1 sse4.2 ssse3 tdt x2apic
  Hardware topology: Only logical processor count
  GPU info:
    Number of GPUs detected: 1
    #0: NVIDIA NVIDIA GeForce RTX 4060, compute cap.: 8.9, ECC:  no, stat: compatible


++++ PLEASE READ AND CITE THE FOLLOWING REFERENCE ++++
M. J. Abraham, T. Murtola, R. Schulz, S. Páll, J. C. Smith, B. Hess, E.
Lindahl
GROMACS: High performance molecular simulations through multi-level
parallelism from laptops to supercomputers
SoftwareX 1 (2015) pp. 19-25
-------- -------- --- Thank You --- -------- --------


++++ PLEASE READ AND CITE THE FOLLOWING REFERENCE ++++
S. Páll, M. J. Abraham, C. Kutzner, B. Hess, E. Lindahl
Tackling Exascale Software Challenges in Molecular Dynamics Simulations with
GROMACS
In S. Markidis & E. Laure (Eds.), Solving Software Challenges for Exascale 8759 (2015) pp. 3-27
-------- -------- --- Thank You --- -------- --------


++++ PLEASE READ AND CITE THE FOLLOWING REFERENCE ++++
S. Pronk, S. Páll, R. Schulz, P. Larsson, P. Bjelkmar, R. Apostolov, M. R.
Shirts, J. C. Smith, P. M. Kasson, D. van der Spoel, B. Hess, and E. Lindahl
GROMACS 4.5: a high-throughput and highly parallel open source molecular
simulation toolkit
Bioinformatics 29 (2013) pp. 845-54
-------- -------- --- Thank You --- -------- --------


++++ PLEASE READ AND CITE THE FOLLOWING REFERENCE ++++
B. Hess and C. Kutzner and D. van der Spoel and E. Lindahl
GROMACS 4: Algorithms for highly efficient, load-balanced, and scalable
molecular simulation
J. Chem. Theory Comput. 4 (2008) pp. 435-447
-------- -------- --- Thank You --- -------- --------


++++ PLEASE READ AND CITE THE FOLLOWING REFERENCE ++++
D. van der Spoel, E. Lindahl, B. Hess, G. Groenhof, A. E. Mark and H. J. C.
Berendsen
GROMACS: Fast, Flexible and Free
J. Comp. Chem. 26 (2005) pp. 1701-1719
-------- -------- --- Thank You --- -------- --------


++++ PLEASE READ AND CITE THE FOLLOWING REFERENCE ++++
E. Lindahl and B. Hess and D. van der Spoel
GROMACS 3.0: A package for molecular simulation and trajectory analysis
J. Mol. Mod. 7 (2001) pp. 306-317
-------- -------- --- Thank You --- -------- --------


++++ PLEASE READ AND CITE THE FOLLOWING REFERENCE ++++
H. J. C. Berendsen, D. van der Spoel and R. van Drunen
GROMACS: A message-passing parallel molecular dynamics implementation
Comp. Phys. Comm. 91 (1995) pp. 43-56
-------- -------- --- Thank You --- -------- --------


++++ PLEASE CITE THE DOI FOR THIS VERSION OF GROMACS ++++
https://doi.org/10.5281/zenodo.4576055
-------- -------- --- Thank You --- -------- --------

Input Parameters:
   integrator                     = md
   tinit                          = 0
   dt                             = 0.001
   nsteps                         = 200000
   init-step                      = 0
   simulation-part                = 1
   comm-mode                      = Linear
   nstcomm                        = 100
   bd-fric                        = 0
   ld-seed                        = -268437523
   emtol                          = 10
   emstep                         = 0.01
   niter                          = 20
   fcstep                         = 0
   nstcgsteep                     = 1000
   nbfgscorr                      = 10
   rtpi                           = 0.05
   nstxout                        = 0
   nstvout                        = 0
   nstfout                        = 0
   nstlog                         = 5000
   nstcalcenergy                  = 100
   nstenergy                      = 5000
   nstxout-compressed             = 4
   compressed-x-precision         = 1000
   cutoff-scheme                  = Verlet
   nstlist                        = 20
   pbc                            = xyz
   periodic-molecules             = false
   verlet-buffer-tolerance        = 0.005
   rlist                          = 1.2
   coulombtype                    = PME
   coulomb-modifier               = Potential-shift
   rcoulomb-switch                = 0
   rcoulomb                       = 1.2
   epsilon-r                      = 1
   epsilon-rf                     = inf
   vdw-type                       = Cut-off
   vdw-modifier                   = Potential-shift
   rvdw-switch                    = 0
   rvdw                           = 1.2
   DispCorr                       = EnerPres
   table-extension                = 1
   fourierspacing                 = 0.16
   fourier-nx                     = 52
   fourier-ny                     = 52
   fourier-nz                     = 52
   pme-order                      = 4
   ewald-rtol                     = 1e-05
   ewald-rtol-lj                  = 0.001
   lj-pme-comb-rule               = Geometric
   ewald-geometry                 = 0
   epsilon-surface                = 0
   tcoupl                         = V-rescale
   nsttcouple                     = 20
   nh-chain-length                = 0
   print-nose-hoover-chain-variables = false
   pcoupl                         = Parrinello-Rahman
   pcoupltype                     = Isotropic
   nstpcouple                     = 20
   tau-p                          = 2
   compressibility (3x3):
      compressibility[    0]={ 4.50000e-05,  0.00000e+00,  0.00000e+00}
      compressibility[    1]={ 0.00000e+00,  4.50000e-05,  0.00000e+00}
      compressibility[    2]={ 0.00000e+00,  0.00000e+00,  4.50000e-05}
   ref-p (3x3):
      ref-p[    0]={ 1.00000e+00,  0.00000e+00,  0.00000e+00}
      ref-p[    1]={ 0.00000e+00,  1.00000e+00,  0.00000e+00}
      ref-p[    2]={ 0.00000e+00,  0.00000e+00,  1.00000e+00}
   refcoord-scaling               = No
   posres-com (3):
      posres-com[0]= 0.00000e+00
      posres-com[1]= 0.00000e+00
      posres-com[2]= 0.00000e+00
   posres-comB (3):
      posres-comB[0]= 0.00000e+00
      posres-comB[1]= 0.00000e+00
      posres-comB[2]= 0.00000e+00
   QMMM                           = false
   QMconstraints                  = 0
   QMMMscheme                     = 0
   MMChargeScaleFactor            = 1
qm-opts:
   ngQM                           = 0
   constraint-algorithm           = Lincs
   continuation                   = false
   Shake-SOR                      = false
   shake-tol                      = 0.0001
   lincs-order                    = 4
   lincs-iter                     = 1
   lincs-warnangle                = 30
   nwall                          = 0
   wall-type                      = 9-3
   wall-r-linpot                  = -1
   wall-atomtype[0]               = -1
   wall-atomtype[1]               = -1
   wall-density[0]                = 0
   wall-density[1]                = 0
   wall-ewald-zfac                = 3
   pull                           = false
   awh                            = false
   rotation                       = false
   interactiveMD                  = false
   disre                          = No
   disre-weighting                = Conservative
   disre-mixed                    = false
   dr-fc                          = 1000
   dr-tau                         = 0
   nstdisreout                    = 100
   orire-fc                       = 0
   orire-tau                      = 0
   nstorireout                    = 100
   free-energy                    = no
   cos-acceleration               = 0
   deform (3x3):
      deform[    0]={ 0.00000e+00,  0.00000e+00,  0.00000e+00}
      deform[    1]={ 0.00000e+00,  0.00000e+00,  0.00000e+00}
      deform[    2]={ 0.00000e+00,  0.00000e+00,  0.00000e+00}
   simulated-tempering            = false
   swapcoords                     = no
   userint1                       = 0
   userint2                       = 0
   userint3                       = 0
   userint4                       = 0
   userreal1                      = 0
   userreal2                      = 0
   userreal3                      = 0
   userreal4                      = 0
   applied-forces:
     electric-field:
       x:
         E0                       = 0
         omega                    = 0
         t0                       = 0
         sigma                    = 0
       y:
         E0                       = 0
         omega                    = 0
         t0                       = 0
         sigma                    = 0
       z:
         E0                       = 0
         omega                    = 0
         t0                       = 0
         sigma                    = 0
     density-guided-simulation:
       active                     = false
       group                      = protein
       similarity-measure         = inner-product
       atom-spreading-weight      = unity
       force-constant             = 1e+09
       gaussian-transform-spreading-width = 0.2
       gaussian-transform-spreading-range-in-multiples-of-width = 4
       reference-density-filename = reference.mrc
       nst                        = 1
       normalize-densities        = true
       adaptive-force-scaling     = false
       adaptive-force-scaling-time-constant = 4
grpopts:
   nrdf:      126327
   ref-t:      310.15
   tau-t:         0.1
annealing:          No
annealing-npoints:           0
   acc:	           0           0           0
   nfreeze:           N           N           N
   energygrp-flags[  0]: 0

Changing nstlist from 20 to 100, rlist from 1.2 to 1.318

1 GPU selected for this run.
Mapping of GPU IDs to the 2 GPU tasks in the 1 rank on this node:
  PP:0,PME:0
PP tasks will do (non-perturbed) short-ranged interactions on the GPU
PP task will update and constrain coordinates on the CPU
PME tasks will do all aspects on the GPU
Using 1 MPI thread
Using 22 OpenMP threads 


Non-default thread affinity set probably by the OpenMP library,
disabling internal thread affinity
System total charge: 0.000
Will do PME sum in reciprocal space for electrostatic interactions.

++++ PLEASE READ AND CITE THE FOLLOWING REFERENCE ++++
U. Essmann, L. Perera, M. L. Berkowitz, T. Darden, H. Lee and L. G. Pedersen 
A smooth particle mesh Ewald method
J. Chem. Phys. 103 (1995) pp. 8577-8592
-------- -------- --- Thank You --- -------- --------

Using a Gaussian width (1/beta) of 0.384195 nm for Ewald
Potential shift: LJ r^-12: -1.122e-01 r^-6: -3.349e-01, Ewald -8.333e-06
Initialized non-bonded Ewald tables, spacing: 1.02e-03 size: 1176

Generated table with 1159 data points for 1-4 COUL.
Tabscale = 500 points/nm
Generated table with 1159 data points for 1-4 LJ6.
Tabscale = 500 points/nm
Generated table with 1159 data points for 1-4 LJ12.
Tabscale = 500 points/nm

Using GPU 8x8 nonbonded short-range kernels

Using a dual 8x8 pair-list setup updated with dynamic, rolling pruning:
  outer list: updated every 100 steps, buffer 0.118 nm, rlist 1.318 nm
  inner list: updated every  32 steps, buffer 0.001 nm, rlist 1.201 nm
At tolerance 0.005 kJ/mol/ps per atom, equivalent classical 1x1 list would be:
  outer list: updated every 100 steps, buffer 0.297 nm, rlist 1.497 nm
  inner list: updated every  32 steps, buffer 0.070 nm, rlist 1.270 nm

Using full Lennard-Jones parameter combination matrix

Long Range LJ corr.: <C6> 4.3118e-04

Removing pbc first time

++++ PLEASE READ AND CITE THE FOLLOWING REFERENCE ++++
S. Miyamoto and P. A. Kollman
SETTLE: An Analytical Version of the SHAKE and RATTLE Algorithms for Rigid
Water Models
J. Comp. Chem. 13 (1992) pp. 952-962
-------- -------- --- Thank You --- -------- --------


++++ PLEASE READ AND CITE THE FOLLOWING REFERENCE ++++
G. Bussi, D. Donadio and M. Parrinello
Canonical sampling through velocity rescaling
J. Chem. Phys. 126 (2007) pp. 014101
-------- -------- --- Thank You --- -------- --------

There are: 50548 Atoms

Constraining the starting coordinates (step 0)

Constraining the coordinates at t0-dt (step 0)
Center of mass motion removal mode is Linear
We have the following groups for center of mass motion removal:
  0:  rest
RMS relative constraint deviation after constraining: 0.00e+00
Initial temperature: 310.934 K

Started mdrun on rank 0 Fri Sep 19 15:53:56 2025

           Step           Time
              0        0.00000

   Energies (kJ/mol)
           Bond            U-B    Proper Dih.  Improper Dih.          LJ-14
    1.13516e+04    6.09443e+04    4.11114e+04    4.30703e+02    6.30573e+03
     Coulomb-14        LJ (SR)  Disper. corr.   Coulomb (SR)   Coul. recip.
   -8.82242e+04   -5.45142e+03   -5.51322e+03   -3.94453e+05    2.15606e+03
      Potential    Kinetic En.   Total Energy  Conserved En.    Temperature
   -3.71342e+05    1.65007e+05   -2.06334e+05   -2.06305e+05    3.14197e+02
 Pres. DC (bar) Pressure (bar)
   -1.89246e+02    2.28972e+03

step 1000: timed with pme grid 52 52 52, coulomb cutoff 1.200: 1769.1 M-cycles
step 1200: timed with pme grid 48 48 48, coulomb cutoff 1.235: 1710.2 M-cycles
step 1400: timed with pme grid 44 44 44, coulomb cutoff 1.348: 1705.1 M-cycles
step 1600: timed with pme grid 40 40 42, coulomb cutoff 1.467: 1762.8 M-cycles
step 1800: timed with pme grid 36 36 36, coulomb cutoff 1.647: 1911.6 M-cycles
step 2000: timed with pme grid 36 36 40, coulomb cutoff 1.630: 1797.2 M-cycles
step 2200: timed with pme grid 40 40 40, coulomb cutoff 1.482: 1980.7 M-cycles
step 2400: timed with pme grid 40 40 42, coulomb cutoff 1.467: 1805.3 M-cycles
step 2600: timed with pme grid 42 42 42, coulomb cutoff 1.412: 2215.0 M-cycles
step 2800: timed with pme grid 42 42 44, coulomb cutoff 1.397: 1736.3 M-cycles
step 3000: timed with pme grid 44 44 44, coulomb cutoff 1.348: 1713.5 M-cycles
step 3200: timed with pme grid 44 44 48, coulomb cutoff 1.334: 1736.4 M-cycles
step 3400: timed with pme grid 48 48 48, coulomb cutoff 1.235: 1744.4 M-cycles
step 3600: timed with pme grid 48 48 52, coulomb cutoff 1.223: 1761.8 M-cycles
step 3800: timed with pme grid 52 52 52, coulomb cutoff 1.200: 1778.1 M-cycles
              optimal pme grid 44 44 44, coulomb cutoff 1.348
           Step           Time
           5000        5.00000

   Energies (kJ/mol)
           Bond            U-B    Proper Dih.  Improper Dih.          LJ-14
    2.80095e+04    6.30870e+04    4.15030e+04    4.90625e+02    6.20394e+03
     Coulomb-14        LJ (SR)  Disper. corr.   Coulomb (SR)   Coul. recip.
   -8.84292e+04   -7.90832e+03   -5.44021e+03   -3.83067e+05    1.41647e+03
      Potential    Kinetic En.   Total Energy  Conserved En.    Temperature
   -3.44134e+05    1.62479e+05   -1.81655e+05   -2.04082e+05    3.09384e+02
 Pres. DC (bar) Pressure (bar)
   -1.84270e+02   -5.90286e+02

           Step           Time
          10000       10.00000

   Energies (kJ/mol)
           Bond            U-B    Proper Dih.  Improper Dih.          LJ-14
    2.93617e+04    6.27882e+04    4.15209e+04    4.47136e+02    6.33930e+03
     Coulomb-14        LJ (SR)  Disper. corr.   Coulomb (SR)   Coul. recip.
   -8.82937e+04   -6.91865e+03   -5.44062e+03   -3.85246e+05    1.48087e+03
      Potential    Kinetic En.   Total Energy  Conserved En.    Temperature
   -3.43960e+05    1.63427e+05   -1.80534e+05   -2.03555e+05    3.11188e+02
 Pres. DC (bar) Pressure (bar)
   -1.84298e+02   -2.48575e+02

           Step           Time
          15000       15.00000

   Energies (kJ/mol)
           Bond            U-B    Proper Dih.  Improper Dih.          LJ-14
    2.98663e+04    6.30573e+04    4.15657e+04    4.60472e+02    6.01823e+03
     Coulomb-14        LJ (SR)  Disper. corr.   Coulomb (SR)   Coul. recip.
   -8.84904e+04   -6.95485e+03   -5.42352e+03   -3.83882e+05    1.50029e+03
      Potential    Kinetic En.   Total Energy  Conserved En.    Temperature
   -3.42282e+05    1.62523e+05   -1.79760e+05   -2.02198e+05    3.09467e+02
 Pres. DC (bar) Pressure (bar)
   -1.83142e+02   -4.79227e+02

           Step           Time
          20000       20.00000

   Energies (kJ/mol)
           Bond            U-B    Proper Dih.  Improper Dih.          LJ-14
    2.97524e+04    6.33901e+04    4.13915e+04    4.88885e+02    6.28672e+03
     Coulomb-14        LJ (SR)  Disper. corr.   Coulomb (SR)   Coul. recip.
   -8.81408e+04   -6.88872e+03   -5.43373e+03   -3.84909e+05    1.48960e+03
      Potential    Kinetic En.   Total Energy  Conserved En.    Temperature
   -3.42573e+05    1.62464e+05   -1.80109e+05   -2.00862e+05    3.09354e+02
 Pres. DC (bar) Pressure (bar)
   -1.83831e+02   -4.04160e+02

           Step           Time
          25000       25.00000

   Energies (kJ/mol)
           Bond            U-B    Proper Dih.  Improper Dih.          LJ-14
    2.98121e+04    6.24278e+04    4.10919e+04    4.58788e+02    6.24060e+03
     Coulomb-14        LJ (SR)  Disper. corr.   Coulomb (SR)   Coul. recip.
   -8.81402e+04   -5.90198e+03   -5.45565e+03   -3.88392e+05    1.50343e+03
      Potential    Kinetic En.   Total Energy  Conserved En.    Temperature
   -3.46356e+05    1.62528e+05   -1.83827e+05   -1.98768e+05    3.09477e+02
 Pres. DC (bar) Pressure (bar)
   -1.85317e+02   -2.76461e+02

           Step           Time
          30000       30.00000

   Energies (kJ/mol)
           Bond            U-B    Proper Dih.  Improper Dih.          LJ-14
    2.99875e+04    6.36314e+04    4.11271e+04    4.71334e+02    5.96606e+03
     Coulomb-14        LJ (SR)  Disper. corr.   Coulomb (SR)   Coul. recip.
   -8.87226e+04   -6.00195e+03   -5.50379e+03   -3.88780e+05    1.48859e+03
      Potential    Kinetic En.   Total Energy  Conserved En.    Temperature
   -3.46337e+05    1.63257e+05   -1.83079e+05   -1.97165e+05    3.10865e+02
 Pres. DC (bar) Pressure (bar)
   -1.88600e+02   -3.62056e+02

           Step           Time
          35000       35.00000

   Energies (kJ/mol)
           Bond            U-B    Proper Dih.  Improper Dih.          LJ-14
    3.00678e+04    6.29882e+04    4.12921e+04    4.53381e+02    6.17143e+03
     Coulomb-14        LJ (SR)  Disper. corr.   Coulomb (SR)   Coul. recip.
   -8.89054e+04   -4.53533e+03   -5.50680e+03   -3.90489e+05    1.48591e+03
      Potential    Kinetic En.   Total Energy  Conserved En.    Temperature
   -3.46977e+05    1.63375e+05   -1.83602e+05   -1.95713e+05    3.11090e+02
 Pres. DC (bar) Pressure (bar)
   -1.88806e+02    2.73377e+01

           Step           Time
          40000       40.00000

   Energies (kJ/mol)
           Bond            U-B    Proper Dih.  Improper Dih.          LJ-14
    3.00229e+04    6.30536e+04    4.11017e+04    4.59446e+02    6.17889e+03
     Coulomb-14        LJ (SR)  Disper. corr.   Coulomb (SR)   Coul. recip.
   -8.84926e+04   -5.97653e+03   -5.44906e+03   -3.88384e+05    1.50213e+03
      Potential    Kinetic En.   Total Energy  Conserved En.    Temperature
   -3.45983e+05    1.63608e+05   -1.82376e+05   -1.93700e+05    3.11533e+02
 Pres. DC (bar) Pressure (bar)
   -1.84870e+02   -3.23599e+02

           Step           Time
          45000       45.00000

   Energies (kJ/mol)
           Bond            U-B    Proper Dih.  Improper Dih.          LJ-14
    2.98589e+04    6.36113e+04    4.11210e+04    5.30958e+02    6.06965e+03
     Coulomb-14        LJ (SR)  Disper. corr.   Coulomb (SR)   Coul. recip.
   -8.88841e+04   -7.14670e+03   -5.44836e+03   -3.86113e+05    1.42517e+03
      Potential    Kinetic En.   Total Energy  Conserved En.    Temperature
   -3.44975e+05    1.62900e+05   -1.82075e+05   -1.92712e+05    3.10185e+02
 Pres. DC (bar) Pressure (bar)
   -1.84822e+02   -6.99097e+02

           Step           Time
          50000       50.00000

   Energies (kJ/mol)
           Bond            U-B    Proper Dih.  Improper Dih.          LJ-14
    2.98120e+04    6.33979e+04    4.10611e+04    4.50389e+02    6.31979e+03
     Coulomb-14        LJ (SR)  Disper. corr.   Coulomb (SR)   Coul. recip.
   -8.79438e+04   -5.51530e+03   -5.54950e+03   -3.90651e+05    1.45202e+03
      Potential    Kinetic En.   Total Energy  Conserved En.    Temperature
   -3.47166e+05    1.63617e+05   -1.83550e+05   -1.91710e+05    3.11550e+02
 Pres. DC (bar) Pressure (bar)
   -1.91743e+02    2.67626e+02

           Step           Time
          55000       55.00000

   Energies (kJ/mol)
           Bond            U-B    Proper Dih.  Improper Dih.          LJ-14
    2.94966e+04    6.36240e+04    4.10585e+04    4.37695e+02    5.97467e+03
     Coulomb-14        LJ (SR)  Disper. corr.   Coulomb (SR)   Coul. recip.
   -8.87153e+04   -5.95155e+03   -5.50825e+03   -3.89406e+05    1.42468e+03
      Potential    Kinetic En.   Total Energy  Conserved En.    Temperature
   -3.47565e+05    1.61428e+05   -1.86137e+05   -1.91559e+05    3.07382e+02
 Pres. DC (bar) Pressure (bar)
   -1.88905e+02   -3.99100e+02

           Step           Time
          60000       60.00000

   Energies (kJ/mol)
           Bond            U-B    Proper Dih.  Improper Dih.          LJ-14
    2.97214e+04    6.31530e+04    4.13007e+04    4.31230e+02    6.12101e+03
     Coulomb-14        LJ (SR)  Disper. corr.   Coulomb (SR)   Coul. recip.
   -8.86367e+04   -6.94535e+03   -5.54036e+03   -3.89347e+05    1.47762e+03
      Potential    Kinetic En.   Total Energy  Conserved En.    Temperature
   -3.48265e+05    1.63564e+05   -1.84701e+05   -1.91194e+05    3.11450e+02
 Pres. DC (bar) Pressure (bar)
   -1.91112e+02   -6.76889e+02

           Step           Time
          65000       65.00000

   Energies (kJ/mol)
           Bond            U-B    Proper Dih.  Improper Dih.          LJ-14
    2.98585e+04    6.24502e+04    4.15176e+04    4.30383e+02    6.36795e+03
     Coulomb-14        LJ (SR)  Disper. corr.   Coulomb (SR)   Coul. recip.
   -8.89775e+04   -6.55247e+03   -5.57100e+03   -3.90289e+05    1.45416e+03
      Potential    Kinetic En.   Total Energy  Conserved En.    Temperature
   -3.49312e+05    1.63299e+05   -1.86012e+05   -1.90955e+05    3.10945e+02
 Pres. DC (bar) Pressure (bar)
   -1.93231e+02    2.37266e+02

           Step           Time
          70000       70.00000

   Energies (kJ/mol)
           Bond            U-B    Proper Dih.  Improper Dih.          LJ-14
    2.97439e+04    6.29676e+04    4.11208e+04    4.81376e+02    6.22102e+03
     Coulomb-14        LJ (SR)  Disper. corr.   Coulomb (SR)   Coul. recip.
   -8.79288e+04   -6.24351e+03   -5.53508e+03   -3.90892e+05    1.48619e+03
      Potential    Kinetic En.   Total Energy  Conserved En.    Temperature
   -3.48579e+05    1.63584e+05   -1.84995e+05   -1.90773e+05    3.11488e+02
 Pres. DC (bar) Pressure (bar)
   -1.90749e+02    1.77422e+02

           Step           Time
          75000       75.00000

   Energies (kJ/mol)
           Bond            U-B    Proper Dih.  Improper Dih.          LJ-14
    3.01802e+04    6.36243e+04    4.12571e+04    4.64741e+02    6.14568e+03
     Coulomb-14        LJ (SR)  Disper. corr.   Coulomb (SR)   Coul. recip.
   -8.89040e+04   -5.88291e+03   -5.59503e+03   -3.90221e+05    1.44285e+03
      Potential    Kinetic En.   Total Energy  Conserved En.    Temperature
   -3.47489e+05    1.63844e+05   -1.83644e+05   -1.90295e+05    3.11983e+02
 Pres. DC (bar) Pressure (bar)
   -1.94901e+02    1.19340e+02

           Step           Time
          80000       80.00000

   Energies (kJ/mol)
           Bond            U-B    Proper Dih.  Improper Dih.          LJ-14
    2.96375e+04    6.35346e+04    4.14156e+04    4.39308e+02    6.24751e+03
     Coulomb-14        LJ (SR)  Disper. corr.   Coulomb (SR)   Coul. recip.
   -8.86086e+04   -6.47422e+03   -5.54100e+03   -3.89315e+05    1.46625e+03
      Potential    Kinetic En.   Total Energy  Conserved En.    Temperature
   -3.47199e+05    1.62299e+05   -1.84899e+05   -1.89745e+05    3.09041e+02
 Pres. DC (bar) Pressure (bar)
   -1.91156e+02    1.93765e+02

           Step           Time
          85000       85.00000

   Energies (kJ/mol)
           Bond            U-B    Proper Dih.  Improper Dih.          LJ-14
    3.00510e+04    6.32677e+04    4.10123e+04    4.71809e+02    6.10612e+03
     Coulomb-14        LJ (SR)  Disper. corr.   Coulomb (SR)   Coul. recip.
   -8.81856e+04   -8.17383e+03   -5.48858e+03   -3.88133e+05    1.50567e+03
      Potential    Kinetic En.   Total Energy  Conserved En.    Temperature
   -3.47566e+05    1.63277e+05   -1.84290e+05   -1.88998e+05    3.10902e+02
 Pres. DC (bar) Pressure (bar)
   -1.87559e+02   -1.93278e+02

           Step           Time
          90000       90.00000

   Energies (kJ/mol)
           Bond            U-B    Proper Dih.  Improper Dih.          LJ-14
    2.95033e+04    6.29748e+04    4.11282e+04    4.50847e+02    6.25693e+03
     Coulomb-14        LJ (SR)  Disper. corr.   Coulomb (SR)   Coul. recip.
   -8.87589e+04   -7.61502e+03   -5.44637e+03   -3.86909e+05    1.41493e+03
      Potential    Kinetic En.   Total Energy  Conserved En.    Temperature
   -3.47000e+05    1.62839e+05   -1.84161e+05   -1.88014e+05    3.10069e+02
 Pres. DC (bar) Pressure (bar)
   -1.84688e+02   -1.10271e+02

           Step           Time
          95000       95.00000

   Energies (kJ/mol)
           Bond            U-B    Proper Dih.  Improper Dih.          LJ-14
    3.03234e+04    6.32707e+04    4.12782e+04    4.33532e+02    6.12912e+03
     Coulomb-14        LJ (SR)  Disper. corr.   Coulomb (SR)   Coul. recip.
   -8.86586e+04   -7.14136e+03   -5.50039e+03   -3.87729e+05    1.40267e+03
      Potential    Kinetic En.   Total Energy  Conserved En.    Temperature
   -3.46191e+05    1.63190e+05   -1.83001e+05   -1.86891e+05    3.10737e+02
 Pres. DC (bar) Pressure (bar)
   -1.88367e+02   -1.98486e+02

           Step           Time
         100000      100.00000

   Energies (kJ/mol)
           Bond            U-B    Proper Dih.  Improper Dih.          LJ-14
    3.00993e+04    6.32755e+04    4.13883e+04    4.40302e+02    6.36536e+03
     Coulomb-14        LJ (SR)  Disper. corr.   Coulomb (SR)   Coul. recip.
   -8.87406e+04   -6.67229e+03   -5.48918e+03   -3.88475e+05    1.41965e+03
      Potential    Kinetic En.   Total Energy  Conserved En.    Temperature
   -3.46388e+05    1.62580e+05   -1.83808e+05   -1.85884e+05    3.09576e+02
 Pres. DC (bar) Pressure (bar)
   -1.87600e+02    4.81032e+01

           Step           Time
         105000      105.00000

   Energies (kJ/mol)
           Bond            U-B    Proper Dih.  Improper Dih.          LJ-14
    2.96374e+04    6.33375e+04    4.13579e+04    4.58400e+02    6.30515e+03
     Coulomb-14        LJ (SR)  Disper. corr.   Coulomb (SR)   Coul. recip.
   -8.84005e+04   -7.50704e+03   -5.52810e+03   -3.89275e+05    1.49534e+03
      Potential    Kinetic En.   Total Energy  Conserved En.    Temperature
   -3.48119e+05    1.62725e+05   -1.85394e+05   -1.85217e+05    3.09852e+02
 Pres. DC (bar) Pressure (bar)
   -1.90268e+02   -3.37000e+02

           Step           Time
         110000      110.00000

   Energies (kJ/mol)
           Bond            U-B    Proper Dih.  Improper Dih.          LJ-14
    3.00895e+04    6.30219e+04    4.11410e+04    4.87181e+02    6.10470e+03
     Coulomb-14        LJ (SR)  Disper. corr.   Coulomb (SR)   Coul. recip.
   -8.85466e+04   -4.01554e+03   -5.54951e+03   -3.92793e+05    1.48839e+03
      Potential    Kinetic En.   Total Energy  Conserved En.    Temperature
   -3.48572e+05    1.62364e+05   -1.86208e+05   -1.83939e+05    3.09165e+02
 Pres. DC (bar) Pressure (bar)
   -1.91743e+02   -9.67300e-01

           Step           Time
         115000      115.00000

   Energies (kJ/mol)
           Bond            U-B    Proper Dih.  Improper Dih.          LJ-14
    2.95364e+04    6.31872e+04    4.12937e+04    4.45657e+02    6.24778e+03
     Coulomb-14        LJ (SR)  Disper. corr.   Coulomb (SR)   Coul. recip.
   -8.87359e+04   -7.40859e+03   -5.58402e+03   -3.91124e+05    1.49413e+03
      Potential    Kinetic En.   Total Energy  Conserved En.    Temperature
   -3.50648e+05    1.61049e+05   -1.89599e+05   -1.82939e+05    3.06661e+02
 Pres. DC (bar) Pressure (bar)
   -1.94135e+02    3.13481e+00

           Step           Time
         120000      120.00000

   Energies (kJ/mol)
           Bond            U-B    Proper Dih.  Improper Dih.          LJ-14
    2.98431e+04    6.33285e+04    4.10051e+04    4.31020e+02    6.24790e+03
     Coulomb-14        LJ (SR)  Disper. corr.   Coulomb (SR)   Coul. recip.
   -8.82353e+04   -7.55564e+03   -5.53242e+03   -3.89455e+05    1.49437e+03
      Potential    Kinetic En.   Total Energy  Conserved En.    Temperature
   -3.48429e+05    1.62032e+05   -1.86397e+05   -1.82199e+05    3.08532e+02
 Pres. DC (bar) Pressure (bar)
   -1.90565e+02    4.76624e-01

           Step           Time
         125000      125.00000

   Energies (kJ/mol)
           Bond            U-B    Proper Dih.  Improper Dih.          LJ-14
    3.01929e+04    6.36426e+04    4.09735e+04    4.34030e+02    6.26660e+03
     Coulomb-14        LJ (SR)  Disper. corr.   Coulomb (SR)   Coul. recip.
   -8.78460e+04   -7.63097e+03   -5.52117e+03   -3.89532e+05    1.47045e+03
      Potential    Kinetic En.   Total Energy  Conserved En.    Temperature
   -3.47550e+05    1.62318e+05   -1.85232e+05   -1.81925e+05    3.09077e+02
 Pres. DC (bar) Pressure (bar)
   -1.89792e+02   -1.41415e+02

           Step           Time
         130000      130.00000

   Energies (kJ/mol)
           Bond            U-B    Proper Dih.  Improper Dih.          LJ-14
    3.01007e+04    6.35396e+04    4.11968e+04    4.39542e+02    6.20028e+03
     Coulomb-14        LJ (SR)  Disper. corr.   Coulomb (SR)   Coul. recip.
   -8.85083e+04   -7.11396e+03   -5.48923e+03   -3.88872e+05    1.49457e+03
      Potential    Kinetic En.   Total Energy  Conserved En.    Temperature
   -3.47012e+05    1.62377e+05   -1.84636e+05   -1.81173e+05    3.09189e+02
 Pres. DC (bar) Pressure (bar)
   -1.87603e+02    1.43256e+01

           Step           Time
         135000      135.00000

   Energies (kJ/mol)
           Bond            U-B    Proper Dih.  Improper Dih.          LJ-14
    3.05321e+04    6.25650e+04    4.09556e+04    4.52537e+02    6.16575e+03
     Coulomb-14        LJ (SR)  Disper. corr.   Coulomb (SR)   Coul. recip.
   -8.81215e+04   -5.80091e+03   -5.49535e+03   -3.90080e+05    1.43101e+03
      Potential    Kinetic En.   Total Energy  Conserved En.    Temperature
   -3.47395e+05    1.63187e+05   -1.84208e+05   -1.80427e+05    3.10731e+02
 Pres. DC (bar) Pressure (bar)
   -1.88022e+02   -3.03690e+02

           Step           Time
         140000      140.00000

   Energies (kJ/mol)
           Bond            U-B    Proper Dih.  Improper Dih.          LJ-14
    3.00206e+04    6.31239e+04    4.12702e+04    4.42882e+02    6.27424e+03
     Coulomb-14        LJ (SR)  Disper. corr.   Coulomb (SR)   Coul. recip.
   -8.84830e+04   -6.68723e+03   -5.49452e+03   -3.89469e+05    1.46868e+03
      Potential    Kinetic En.   Total Energy  Conserved En.    Temperature
   -3.47533e+05    1.63415e+05   -1.84119e+05   -1.79637e+05    3.11165e+02
 Pres. DC (bar) Pressure (bar)
   -1.87965e+02    1.20701e+02

           Step           Time
         145000      145.00000

   Energies (kJ/mol)
           Bond            U-B    Proper Dih.  Improper Dih.          LJ-14
    3.02287e+04    6.30201e+04    4.15882e+04    4.92565e+02    6.30150e+03
     Coulomb-14        LJ (SR)  Disper. corr.   Coulomb (SR)   Coul. recip.
   -8.87516e+04   -6.39254e+03   -5.55327e+03   -3.91077e+05    1.50243e+03
      Potential    Kinetic En.   Total Energy  Conserved En.    Temperature
   -3.48641e+05    1.62281e+05   -1.86359e+05   -1.79394e+05    3.09007e+02
 Pres. DC (bar) Pressure (bar)
   -1.92003e+02   -1.61973e+02

           Step           Time
         150000      150.00000

   Energies (kJ/mol)
           Bond            U-B    Proper Dih.  Improper Dih.          LJ-14
    3.00448e+04    6.29814e+04    4.12510e+04    4.50681e+02    6.38167e+03
     Coulomb-14        LJ (SR)  Disper. corr.   Coulomb (SR)   Coul. recip.
   -8.84597e+04   -6.71378e+03   -5.55641e+03   -3.90280e+05    1.43555e+03
      Potential    Kinetic En.   Total Energy  Conserved En.    Temperature
   -3.48464e+05    1.62670e+05   -1.85795e+05   -1.78948e+05    3.09746e+02
 Pres. DC (bar) Pressure (bar)
   -1.92221e+02    8.63499e+01

Writing checkpoint, step 151600 at Fri Sep 19 16:08:56 2025


           Step           Time
         155000      155.00000

   Energies (kJ/mol)
           Bond            U-B    Proper Dih.  Improper Dih.          LJ-14
    3.03494e+04    6.36699e+04    4.12541e+04    3.74416e+02    6.43711e+03
     Coulomb-14        LJ (SR)  Disper. corr.   Coulomb (SR)   Coul. recip.
   -8.87485e+04   -6.18679e+03   -5.56071e+03   -3.90780e+05    1.47205e+03
      Potential    Kinetic En.   Total Energy  Conserved En.    Temperature
   -3.47719e+05    1.64066e+05   -1.83653e+05   -1.78595e+05    3.12406e+02
 Pres. DC (bar) Pressure (bar)
   -1.92518e+02   -3.83241e+01

           Step           Time
         160000      160.00000

   Energies (kJ/mol)
           Bond            U-B    Proper Dih.  Improper Dih.          LJ-14
    3.02947e+04    6.38821e+04    4.12401e+04    5.09930e+02    6.23858e+03
     Coulomb-14        LJ (SR)  Disper. corr.   Coulomb (SR)   Coul. recip.
   -8.86737e+04   -6.07258e+03   -5.51528e+03   -3.91134e+05    1.44308e+03
      Potential    Kinetic En.   Total Energy  Conserved En.    Temperature
   -3.47788e+05    1.63791e+05   -1.83996e+05   -1.78377e+05    3.11882e+02
 Pres. DC (bar) Pressure (bar)
   -1.89387e+02   -5.17162e+02

           Step           Time
         165000      165.00000

   Energies (kJ/mol)
           Bond            U-B    Proper Dih.  Improper Dih.          LJ-14
    2.98484e+04    6.38557e+04    4.09938e+04    4.74572e+02    6.17877e+03
     Coulomb-14        LJ (SR)  Disper. corr.   Coulomb (SR)   Coul. recip.
   -8.90291e+04   -5.24470e+03   -5.60281e+03   -3.92713e+05    1.48809e+03
      Potential    Kinetic En.   Total Energy  Conserved En.    Temperature
   -3.49750e+05    1.62246e+05   -1.87503e+05   -1.77798e+05    3.08940e+02
 Pres. DC (bar) Pressure (bar)
   -1.95442e+02    6.31992e+02

           Step           Time
         170000      170.00000

   Energies (kJ/mol)
           Bond            U-B    Proper Dih.  Improper Dih.          LJ-14
    2.98129e+04    6.39537e+04    4.13327e+04    4.44483e+02    6.29581e+03
     Coulomb-14        LJ (SR)  Disper. corr.   Coulomb (SR)   Coul. recip.
   -8.86006e+04   -8.49264e+03   -5.56152e+03   -3.87923e+05    1.46273e+03
      Potential    Kinetic En.   Total Energy  Conserved En.    Temperature
   -3.47276e+05    1.62367e+05   -1.84909e+05   -1.75660e+05    3.09169e+02
 Pres. DC (bar) Pressure (bar)
   -1.92574e+02    6.45861e+02

           Step           Time
         175000      175.00000

   Energies (kJ/mol)
           Bond            U-B    Proper Dih.  Improper Dih.          LJ-14
    3.01488e+04    6.40083e+04    4.13698e+04    4.16988e+02    6.10391e+03
     Coulomb-14        LJ (SR)  Disper. corr.   Coulomb (SR)   Coul. recip.
   -8.87826e+04   -6.23966e+03   -5.50705e+03   -3.90574e+05    1.49524e+03
      Potential    Kinetic En.   Total Energy  Conserved En.    Temperature
   -3.47560e+05    1.61363e+05   -1.86197e+05   -1.74626e+05    3.07259e+02
 Pres. DC (bar) Pressure (bar)
   -1.88823e+02   -3.35530e+02

           Step           Time
         180000      180.00000

   Energies (kJ/mol)
           Bond            U-B    Proper Dih.  Improper Dih.          LJ-14
    2.95579e+04    6.27577e+04    4.13010e+04    4.54982e+02    6.36266e+03
     Coulomb-14        LJ (SR)  Disper. corr.   Coulomb (SR)   Coul. recip.
   -8.88639e+04   -7.54128e+03   -5.56070e+03   -3.89002e+05    1.43863e+03
      Potential    Kinetic En.   Total Energy  Conserved En.    Temperature
   -3.49096e+05    1.61656e+05   -1.87440e+05   -1.73933e+05    3.07816e+02
 Pres. DC (bar) Pressure (bar)
   -1.92518e+02    1.65590e+02

           Step           Time
         185000      185.00000

   Energies (kJ/mol)
           Bond            U-B    Proper Dih.  Improper Dih.          LJ-14
    2.98622e+04    6.31335e+04    4.11777e+04    4.54089e+02    6.32816e+03
     Coulomb-14        LJ (SR)  Disper. corr.   Coulomb (SR)   Coul. recip.
   -8.88304e+04   -6.01568e+03   -5.50973e+03   -3.89478e+05    1.48756e+03
      Potential    Kinetic En.   Total Energy  Conserved En.    Temperature
   -3.47390e+05    1.62350e+05   -1.85040e+05   -1.73540e+05    3.09138e+02
 Pres. DC (bar) Pressure (bar)
   -1.89007e+02    5.91171e+01

           Step           Time
         190000      190.00000

   Energies (kJ/mol)
           Bond            U-B    Proper Dih.  Improper Dih.          LJ-14
    2.99167e+04    6.33618e+04    4.12310e+04    4.18497e+02    6.33051e+03
     Coulomb-14        LJ (SR)  Disper. corr.   Coulomb (SR)   Coul. recip.
   -8.86679e+04   -9.02350e+03   -5.48154e+03   -3.85865e+05    1.47500e+03
      Potential    Kinetic En.   Total Energy  Conserved En.    Temperature
   -3.46304e+05    1.61973e+05   -1.84331e+05   -1.71792e+05    3.08420e+02
 Pres. DC (bar) Pressure (bar)
   -1.87078e+02   -3.73896e+02

           Step           Time
         195000      195.00000

   Energies (kJ/mol)
           Bond            U-B    Proper Dih.  Improper Dih.          LJ-14
    2.99195e+04    6.31387e+04    4.12690e+04    4.71495e+02    6.23527e+03
     Coulomb-14        LJ (SR)  Disper. corr.   Coulomb (SR)   Coul. recip.
   -8.88033e+04   -7.57774e+03   -5.48176e+03   -3.88239e+05    1.44441e+03
      Potential    Kinetic En.   Total Energy  Conserved En.    Temperature
   -3.47623e+05    1.61690e+05   -1.85933e+05   -1.70421e+05    3.07881e+02
 Pres. DC (bar) Pressure (bar)
   -1.87094e+02   -2.51533e+02

           Step           Time
         200000      200.00000

Writing checkpoint, step 200000 at Fri Sep 19 16:13:39 2025


   Energies (kJ/mol)
           Bond            U-B    Proper Dih.  Improper Dih.          LJ-14
    2.97634e+04    6.34362e+04    4.13001e+04    5.02334e+02    6.28366e+03
     Coulomb-14        LJ (SR)  Disper. corr.   Coulomb (SR)   Coul. recip.
   -8.91082e+04   -6.61487e+03   -5.46020e+03   -3.87639e+05    1.50119e+03
      Potential    Kinetic En.   Total Energy  Conserved En.    Temperature
   -3.46035e+05    1.63338e+05   -1.82698e+05   -1.69382e+05    3.11018e+02
 Pres. DC (bar) Pressure (bar)
   -1.85626e+02   -3.52058e+01


	<======  ###############  ==>
	<====  A V E R A G E S  ====>
	<==  ###############  ======>

	Statistics over 200001 steps using 2001 frames

   Energies (kJ/mol)
           Bond            U-B    Proper Dih.  Improper Dih.          LJ-14
    2.98103e+04    6.33164e+04    4.12817e+04    4.59299e+02    6.25923e+03
     Coulomb-14        LJ (SR)  Disper. corr.   Coulomb (SR)   Coul. recip.
   -8.85157e+04   -6.67949e+03   -5.52719e+03   -3.89186e+05    1.46844e+03
      Potential    Kinetic En.   Total Energy  Conserved En.    Temperature
   -3.47313e+05    1.62868e+05   -1.84445e+05   -1.86309e+05    3.10124e+02
 Pres. DC (bar) Pressure (bar)
   -1.90218e+02    6.80552e+00

          Box-X          Box-Y          Box-Z
    7.81845e+00    7.81845e+00    7.89943e+00

   Total Virial (kJ/mol)
    5.42215e+04   -1.30734e+02    9.31740e+01
   -1.30671e+02    5.41720e+04   -2.41511e+01
    9.28140e+01   -2.43321e+01    5.42687e+04

   Pressure (bar)
    3.46483e+00    8.45263e+00   -5.44803e+00
    8.44977e+00    6.97349e+00    2.55892e+00
   -5.42351e+00    2.57102e+00    9.97825e+00


       P P   -   P M E   L O A D   B A L A N C I N G

 PP/PME load balancing changed the cut-off and PME settings:
           particle-particle                    PME
            rcoulomb  rlist            grid      spacing   1/beta
   initial  1.200 nm  1.201 nm      52  52  52   0.152 nm  0.384 nm
   final    1.348 nm  1.349 nm      44  44  44   0.180 nm  0.431 nm
 cost-ratio           1.42             0.61
 (note that these numbers concern only part of the total PP and PME load)


	M E G A - F L O P S   A C C O U N T I N G

 NB=Group-cutoff nonbonded kernels    NxN=N-by-N cluster Verlet kernels
 RF=Reaction-Field  VdW=Van der Waals  QSTab=quadratic-spline table
 W3=SPC/TIP3p  W4=TIP4p (single or pairs)
 V&F=Potential and force  V=Potential only  F=Force only

 Computing:                               M-Number         M-Flops  % Flops
-----------------------------------------------------------------------------
 Pair Search distance check           13110.112976      117991.017     0.0
 NxN Ewald Elec. + LJ [F]          16571516.550336  1093720092.322    97.7
 NxN Ewald Elec. + LJ [V&F]          167471.801088    17919482.716     1.6
 1,4 nonbonded interactions           13385.666928     1204710.024     0.1
 Shift-X                                101.146548         606.879     0.0
 Bonds                                 5000.825004      295048.675     0.0
 Propers                              16393.681968     3754153.171     0.3
 Impropers                               75.200376       15641.678     0.0
 Virial                                 505.980593        9107.651     0.0
 Stop-CM                                101.197096        1011.971     0.0
 Calc-Ekin                             1011.061096       27298.650     0.0
 Constraint-V                          5062.850628       40502.805     0.0
 Constraint-Vir                         253.165314        6075.968     0.0
 Settle                                1687.625314      545102.976     0.0
 Urey-Bradley                          9625.648128     1761493.607     0.2
-----------------------------------------------------------------------------
 Total                                              1119418320.110   100.0
-----------------------------------------------------------------------------


     R E A L   C Y C L E   A N D   T I M E   A C C O U N T I N G

On 1 MPI rank, each using 22 OpenMP threads

 Computing:          Num   Num      Call    Wall time         Giga-Cycles
                     Ranks Threads  Count      (s)         total sum    %
-----------------------------------------------------------------------------
 Neighbor search        1   22       2001      37.218       2452.608   3.1
 Launch GPU ops.        1   22     200001     106.923       7045.999   9.0
 Force                  1   22     200001     502.853      33137.036  42.5
 Wait PME GPU gather    1   22     200001       8.216        541.387   0.7
 Reduce GPU PME F       1   22     200001      21.165       1394.748   1.8
 Wait GPU NB local                              6.953        458.168   0.6
 NB X/F buffer ops.     1   22     398001      56.679       3735.045   4.8
 Write traj.            1   22      50001     221.035      14565.749  18.7
 Update                 1   22     200001      38.157       2514.483   3.2
 Constraints            1   22     200003      35.488       2338.557   3.0
 Rest                                         148.314       9773.616  12.5
-----------------------------------------------------------------------------
 Total                                       1183.000      77957.394 100.0
-----------------------------------------------------------------------------

               Core t (s)   Wall t (s)        (%)
       Time:    26026.000     1183.000     2200.0
                 (ns/day)    (hour/ns)
Performance:       14.607        1.643
Finished mdrun on rank 0 Fri Sep 19 16:13:40 2025

